{"/Users/jorgemedina/Desktop/coding_challenge/pge_mrad/utils.js": {"path":"/Users/jorgemedina/Desktop/coding_challenge/pge_mrad/utils.js","statementMap":{"0":{"start":{"line":2,"column":18},"end":{"line":2,"column":37}},"1":{"start":{"line":3,"column":10},"end":{"line":3,"column":27}},"2":{"start":{"line":4,"column":11},"end":{"line":4,"column":24}},"3":{"start":{"line":7,"column":4},"end":{"line":17,"column":7}},"4":{"start":{"line":8,"column":23},"end":{"line":8,"column":44}},"5":{"start":{"line":10,"column":31},"end":{"line":10,"column":123}},"6":{"start":{"line":11,"column":8},"end":{"line":16,"column":10}},"7":{"start":{"line":21,"column":4},"end":{"line":21,"column":23}},"8":{"start":{"line":25,"column":24},"end":{"line":25,"column":45}},"9":{"start":{"line":26,"column":24},"end":{"line":26,"column":47}},"10":{"start":{"line":27,"column":19},"end":{"line":31,"column":5}},"11":{"start":{"line":33,"column":4},"end":{"line":33,"column":38}},"12":{"start":{"line":36,"column":0},"end":{"line":36,"column":54}}},"fnMap":{"0":{"name":"transform","decl":{"start":{"line":6,"column":9},"end":{"line":6,"column":18}},"loc":{"start":{"line":6,"column":25},"end":{"line":18,"column":1}},"line":6},"1":{"name":"(anonymous_1)","decl":{"start":{"line":8,"column":12},"end":{"line":8,"column":13}},"loc":{"start":{"line":8,"column":23},"end":{"line":8,"column":44}},"line":8},"2":{"name":"(anonymous_2)","decl":{"start":{"line":9,"column":9},"end":{"line":9,"column":10}},"loc":{"start":{"line":9,"column":20},"end":{"line":17,"column":5}},"line":9},"3":{"name":"outputCsv","decl":{"start":{"line":20,"column":9},"end":{"line":20,"column":18}},"loc":{"start":{"line":20,"column":25},"end":{"line":22,"column":1}},"line":20},"4":{"name":"uploadToS3","decl":{"start":{"line":24,"column":15},"end":{"line":24,"column":25}},"loc":{"start":{"line":24,"column":36},"end":{"line":34,"column":1}},"line":24}},"branchMap":{},"s":{"0":2,"1":2,"2":2,"3":2,"4":4,"5":2,"6":2,"7":1,"8":1,"9":1,"10":1,"11":1,"12":2},"f":{"0":2,"1":4,"2":2,"3":1,"4":1},"b":{},"_coverageSchema":"1a1c01bbd47fc00a2c39e90264f33305004495a9","hash":"bab48685008faf9d873de485fd7a4ffc3ccce35d"}
}
